{"name": "test_counter_increments_when_ingredient_added_to_order[firefox]", "status": "broken", "statusDetails": {"message": "selenium.common.exceptions.TimeoutException: Message: \nStacktrace:\nRemoteError@chrome://remote/content/shared/RemoteError.sys.mjs:8:8\nWebDriverError@chrome://remote/content/shared/webdriver/Errors.sys.mjs:193:5\nNoSuchElementError@chrome://remote/content/shared/webdriver/Errors.sys.mjs:511:5\ndom.find/</<@chrome://remote/content/shared/DOM.sys.mjs:136:16", "trace": "self = <test_constractor.TestToConstructor object at 0x0000012B9A8A18B0>, browser = <selenium.webdriver.firefox.webdriver.WebDriver (session=\"ae69dc0b-ea34-4fa1-8ff0-e3fe818d5791\")>\n\n    @allure.step('при добавлении ингредиента в заказ счётчик этого ингредиента увеличивается')\n    def test_counter_increments_when_ingredient_added_to_order(self, browser):\n        ingredient_added_to_order = ConstructorPage(browser)\n        with allure.step('Открываем страницу c конструктором'):\n            ingredient_added_to_order.open()\n        with allure.step('Получаем ингредиент и конструктор бургера'):\n            ingredient = ingredient_added_to_order.get_ingredient()\n            burger_constructor = ingredient_added_to_order.get_constructor_burger()\n        with allure.step('Перетаскиваем ингредиент в конструктор'):\n            ingredient_added_to_order.drag_and_drop_element(ingredient, burger_constructor)\n        with allure.step('Проверяем, что счетчик ингредиента увеличился'):\n>           assert ingredient_added_to_order.get_count_ingredient() == COUNT_INGREDIENT\n\ntests\\test_constractor.py:57: \n_ _ _ _ _ _ _ _ _ _ _ _ _ _ _ _ _ _ _ _ _ _ _ _ _ _ _ _ _ _ _ _ _ _ _ _ _ _ _ _ _ _ _ _ _ _ _ _ _ _ _ _ _ _ _ _ _ _ _ _ _ _ _ _ _ _ _ _ _ _ _ _ _ _ _ _ _ _ _ _ _ _ _ _ _ _ _ _ _ _ _ _ _ _ _ _ _ _ _ _ _ _ _ _ _ _ _ _ _ _ _ _ _ _ _ _ _ _ _ _ _ _ _ _ _ _ _ _ _ _ _ _ _ _ _ _ _ _ _ _ _ _ _ _ _ _ _ _ _ _ _ _ _ _ _ _ _ _ _ _ _ _ _ _ _ _ _ _ _ _ _ _ _ _ _ _ _ _ _ _ _ _ _ _ _ _ _ _ _ _ _ _ _ _ _ _ _ _ _ _ _ _ _ _ _ _ _ _ _\npages\\constructor_page.py:24: in get_count_ingredient\n    return self.get_text_of_element(count_ingredient)\npages\\base_page.py:72: in get_text_of_element\n    element = self.find(locator)\npages\\base_page.py:42: in find\n    self.wait.until(EC.visibility_of_element_located(locator))\n_ _ _ _ _ _ _ _ _ _ _ _ _ _ _ _ _ _ _ _ _ _ _ _ _ _ _ _ _ _ _ _ _ _ _ _ _ _ _ _ _ _ _ _ _ _ _ _ _ _ _ _ _ _ _ _ _ _ _ _ _ _ _ _ _ _ _ _ _ _ _ _ _ _ _ _ _ _ _ _ _ _ _ _ _ _ _ _ _ _ _ _ _ _ _ _ _ _ _ _ _ _ _ _ _ _ _ _ _ _ _ _ _ _ _ _ _ _ _ _ _ _ _ _ _ _ _ _ _ _ _ _ _ _ _ _ _ _ _ _ _ _ _ _ _ _ _ _ _ _ _ _ _ _ _ _ _ _ _ _ _ _ _ _ _ _ _ _ _ _ _ _ _ _ _ _ _ _ _ _ _ _ _ _ _ _ _ _ _ _ _ _ _ _ _ _ _ _ _ _ _ _ _ _ _ _ _ _ _\n\nself = <selenium.webdriver.support.wait.WebDriverWait (session=\"ae69dc0b-ea34-4fa1-8ff0-e3fe818d5791\")>, method = <function visibility_of_element_located.<locals>._predicate at 0x0000012B9E31CCC0>, message = ''\n\n    def until(self, method: Callable[[D], Union[Literal[False], T]], message: str = \"\") -> T:\n        \"\"\"Calls the method provided with the driver as an argument until the \\\n        return value does not evaluate to ``False``.\n    \n        :param method: callable(WebDriver)\n        :param message: optional message for :exc:`TimeoutException`\n        :returns: the result of the last call to `method`\n        :raises: :exc:`selenium.common.exceptions.TimeoutException` if timeout occurs\n        \"\"\"\n        screen = None\n        stacktrace = None\n    \n        end_time = time.monotonic() + self._timeout\n        while True:\n            try:\n                value = method(self._driver)\n                if value:\n                    return value\n            except self._ignored_exceptions as exc:\n                screen = getattr(exc, \"screen\", None)\n                stacktrace = getattr(exc, \"stacktrace\", None)\n            time.sleep(self._poll)\n            if time.monotonic() > end_time:\n                break\n>       raise TimeoutException(message, screen, stacktrace)\nE       selenium.common.exceptions.TimeoutException: Message: \nE       Stacktrace:\nE       RemoteError@chrome://remote/content/shared/RemoteError.sys.mjs:8:8\nE       WebDriverError@chrome://remote/content/shared/webdriver/Errors.sys.mjs:193:5\nE       NoSuchElementError@chrome://remote/content/shared/webdriver/Errors.sys.mjs:511:5\nE       dom.find/</<@chrome://remote/content/shared/DOM.sys.mjs:136:16\n\n..\\..\\AppData\\Roaming\\Python\\Python312\\site-packages\\selenium\\webdriver\\support\\wait.py:105: TimeoutException"}, "steps": [{"name": "при добавлении ингредиента в заказ счётчик этого ингредиента увеличивается", "status": "broken", "statusDetails": {"message": "selenium.common.exceptions.TimeoutException: Message: \nStacktrace:\nRemoteError@chrome://remote/content/shared/RemoteError.sys.mjs:8:8\nWebDriverError@chrome://remote/content/shared/webdriver/Errors.sys.mjs:193:5\nNoSuchElementError@chrome://remote/content/shared/webdriver/Errors.sys.mjs:511:5\ndom.find/</<@chrome://remote/content/shared/DOM.sys.mjs:136:16\n\n", "trace": "  File \"C:\\Users\\ermak\\AppData\\Roaming\\Python\\Python312\\site-packages\\allure_commons\\_allure.py\", line 192, in impl\n    return func(*a, **kw)\n           ^^^^^^^^^^^^^^\n  File \"C:\\Users\\ermak\\PycharmProjects\\Diplom_3\\tests\\test_constractor.py\", line 57, in test_counter_increments_when_ingredient_added_to_order\n    assert ingredient_added_to_order.get_count_ingredient() == COUNT_INGREDIENT\n  File \"C:\\Users\\ermak\\AppData\\Roaming\\Python\\Python312\\site-packages\\allure_commons\\_allure.py\", line 192, in impl\n    return func(*a, **kw)\n           ^^^^^^^^^^^^^^\n  File \"C:\\Users\\ermak\\PycharmProjects\\Diplom_3\\pages\\constructor_page.py\", line 24, in get_count_ingredient\n    return self.get_text_of_element(count_ingredient)\n           ^^^^^^^^^^^^^^^^^^^^^^^^^^^^^^^^^^^^^^^^^^\n  File \"C:\\Users\\ermak\\AppData\\Roaming\\Python\\Python312\\site-packages\\allure_commons\\_allure.py\", line 192, in impl\n    return func(*a, **kw)\n           ^^^^^^^^^^^^^^\n  File \"C:\\Users\\ermak\\PycharmProjects\\Diplom_3\\pages\\base_page.py\", line 72, in get_text_of_element\n    element = self.find(locator)\n              ^^^^^^^^^^^^^^^^^^\n  File \"C:\\Users\\ermak\\AppData\\Roaming\\Python\\Python312\\site-packages\\allure_commons\\_allure.py\", line 192, in impl\n    return func(*a, **kw)\n           ^^^^^^^^^^^^^^\n  File \"C:\\Users\\ermak\\PycharmProjects\\Diplom_3\\pages\\base_page.py\", line 42, in find\n    self.wait.until(EC.visibility_of_element_located(locator))\n  File \"C:\\Users\\ermak\\AppData\\Roaming\\Python\\Python312\\site-packages\\selenium\\webdriver\\support\\wait.py\", line 105, in until\n    raise TimeoutException(message, screen, stacktrace)\n"}, "steps": [{"name": "Открываем страницу c конструктором", "status": "passed", "steps": [{"name": "Открывает главную страницу", "status": "passed", "parameters": [{"name": "url", "value": "None"}], "start": 1724572471307, "stop": 1724572471455}], "start": 1724572471307, "stop": 1724572471455}, {"name": "Получаем ингредиент и конструктор бургера", "status": "passed", "steps": [{"name": "Возвращает ингредиент", "status": "passed", "steps": [{"name": "Общий метод для поиска элемента", "status": "passed", "steps": [{"name": "Поиск элемента", "status": "passed", "parameters": [{"name": "args", "value": "('xpath', \"*//a[@href='/ingredient/61c0c5a71d1f82001bdaaa6d']\")"}], "start": 1724572471973, "stop": 1724572471975}], "parameters": [{"name": "locator", "value": "('xpath', \"*//a[@href='/ingredient/61c0c5a71d1f82001bdaaa6d']\")"}], "start": 1724572471455, "stop": 1724572471975}], "start": 1724572471455, "stop": 1724572471975}, {"name": "Возвращает конструктор бургера", "status": "passed", "steps": [{"name": "Общий метод для поиска элемента", "status": "passed", "steps": [{"name": "Поиск элемента", "status": "passed", "parameters": [{"name": "args", "value": "('css selector', '.BurgerConstructor_basket__list__l9dp_')"}], "start": 1724572471980, "stop": 1724572471981}], "parameters": [{"name": "locator", "value": "('css selector', '.BurgerConstructor_basket__list__l9dp_')"}], "start": 1724572471975, "stop": 1724572471981}], "start": 1724572471975, "stop": 1724572471981}], "start": 1724572471455, "stop": 1724572471981}, {"name": "Перетаскиваем ингредиент в конструктор", "status": "passed", "steps": [{"name": "Перетаскивает элемент из одного места в другое", "status": "passed", "parameters": [{"name": "source", "value": "<selenium.webdriver.remote.webelement.WebElement (session=\"ae69dc0b-ea34-4fa1-8ff0-e3fe818d5791\", element=\"8658b1b6-a517-4830-ab4e-12885dc85fd9\")>"}, {"name": "target", "value": "<selenium.webdriver.remote.webelement.WebElement (session=\"ae69dc0b-ea34-4fa1-8ff0-e3fe818d5791\", element=\"1707bbbd-0b13-4c08-b5be-528f825d41b5\")>"}], "start": 1724572471981, "stop": 1724572472538}], "start": 1724572471981, "stop": 1724572472538}, {"name": "Проверяем, что счетчик ингредиента увеличился", "status": "broken", "statusDetails": {"message": "selenium.common.exceptions.TimeoutException: Message: \nStacktrace:\nRemoteError@chrome://remote/content/shared/RemoteError.sys.mjs:8:8\nWebDriverError@chrome://remote/content/shared/webdriver/Errors.sys.mjs:193:5\nNoSuchElementError@chrome://remote/content/shared/webdriver/Errors.sys.mjs:511:5\ndom.find/</<@chrome://remote/content/shared/DOM.sys.mjs:136:16\n\n", "trace": "  File \"C:\\Users\\ermak\\PycharmProjects\\Diplom_3\\tests\\test_constractor.py\", line 57, in test_counter_increments_when_ingredient_added_to_order\n    assert ingredient_added_to_order.get_count_ingredient() == COUNT_INGREDIENT\n  File \"C:\\Users\\ermak\\AppData\\Roaming\\Python\\Python312\\site-packages\\allure_commons\\_allure.py\", line 192, in impl\n    return func(*a, **kw)\n           ^^^^^^^^^^^^^^\n  File \"C:\\Users\\ermak\\PycharmProjects\\Diplom_3\\pages\\constructor_page.py\", line 24, in get_count_ingredient\n    return self.get_text_of_element(count_ingredient)\n           ^^^^^^^^^^^^^^^^^^^^^^^^^^^^^^^^^^^^^^^^^^\n  File \"C:\\Users\\ermak\\AppData\\Roaming\\Python\\Python312\\site-packages\\allure_commons\\_allure.py\", line 192, in impl\n    return func(*a, **kw)\n           ^^^^^^^^^^^^^^\n  File \"C:\\Users\\ermak\\PycharmProjects\\Diplom_3\\pages\\base_page.py\", line 72, in get_text_of_element\n    element = self.find(locator)\n              ^^^^^^^^^^^^^^^^^^\n  File \"C:\\Users\\ermak\\AppData\\Roaming\\Python\\Python312\\site-packages\\allure_commons\\_allure.py\", line 192, in impl\n    return func(*a, **kw)\n           ^^^^^^^^^^^^^^\n  File \"C:\\Users\\ermak\\PycharmProjects\\Diplom_3\\pages\\base_page.py\", line 42, in find\n    self.wait.until(EC.visibility_of_element_located(locator))\n  File \"C:\\Users\\ermak\\AppData\\Roaming\\Python\\Python312\\site-packages\\selenium\\webdriver\\support\\wait.py\", line 105, in until\n    raise TimeoutException(message, screen, stacktrace)\n"}, "steps": [{"name": "Возвращает счетчик с количеством ингредиента", "status": "broken", "statusDetails": {"message": "selenium.common.exceptions.TimeoutException: Message: \nStacktrace:\nRemoteError@chrome://remote/content/shared/RemoteError.sys.mjs:8:8\nWebDriverError@chrome://remote/content/shared/webdriver/Errors.sys.mjs:193:5\nNoSuchElementError@chrome://remote/content/shared/webdriver/Errors.sys.mjs:511:5\ndom.find/</<@chrome://remote/content/shared/DOM.sys.mjs:136:16\n\n", "trace": "  File \"C:\\Users\\ermak\\AppData\\Roaming\\Python\\Python312\\site-packages\\allure_commons\\_allure.py\", line 192, in impl\n    return func(*a, **kw)\n           ^^^^^^^^^^^^^^\n  File \"C:\\Users\\ermak\\PycharmProjects\\Diplom_3\\pages\\constructor_page.py\", line 24, in get_count_ingredient\n    return self.get_text_of_element(count_ingredient)\n           ^^^^^^^^^^^^^^^^^^^^^^^^^^^^^^^^^^^^^^^^^^\n  File \"C:\\Users\\ermak\\AppData\\Roaming\\Python\\Python312\\site-packages\\allure_commons\\_allure.py\", line 192, in impl\n    return func(*a, **kw)\n           ^^^^^^^^^^^^^^\n  File \"C:\\Users\\ermak\\PycharmProjects\\Diplom_3\\pages\\base_page.py\", line 72, in get_text_of_element\n    element = self.find(locator)\n              ^^^^^^^^^^^^^^^^^^\n  File \"C:\\Users\\ermak\\AppData\\Roaming\\Python\\Python312\\site-packages\\allure_commons\\_allure.py\", line 192, in impl\n    return func(*a, **kw)\n           ^^^^^^^^^^^^^^\n  File \"C:\\Users\\ermak\\PycharmProjects\\Diplom_3\\pages\\base_page.py\", line 42, in find\n    self.wait.until(EC.visibility_of_element_located(locator))\n  File \"C:\\Users\\ermak\\AppData\\Roaming\\Python\\Python312\\site-packages\\selenium\\webdriver\\support\\wait.py\", line 105, in until\n    raise TimeoutException(message, screen, stacktrace)\n"}, "steps": [{"name": "Общий метод для получения текста элемента", "status": "broken", "statusDetails": {"message": "selenium.common.exceptions.TimeoutException: Message: \nStacktrace:\nRemoteError@chrome://remote/content/shared/RemoteError.sys.mjs:8:8\nWebDriverError@chrome://remote/content/shared/webdriver/Errors.sys.mjs:193:5\nNoSuchElementError@chrome://remote/content/shared/webdriver/Errors.sys.mjs:511:5\ndom.find/</<@chrome://remote/content/shared/DOM.sys.mjs:136:16\n\n", "trace": "  File \"C:\\Users\\ermak\\AppData\\Roaming\\Python\\Python312\\site-packages\\allure_commons\\_allure.py\", line 192, in impl\n    return func(*a, **kw)\n           ^^^^^^^^^^^^^^\n  File \"C:\\Users\\ermak\\PycharmProjects\\Diplom_3\\pages\\base_page.py\", line 72, in get_text_of_element\n    element = self.find(locator)\n              ^^^^^^^^^^^^^^^^^^\n  File \"C:\\Users\\ermak\\AppData\\Roaming\\Python\\Python312\\site-packages\\allure_commons\\_allure.py\", line 192, in impl\n    return func(*a, **kw)\n           ^^^^^^^^^^^^^^\n  File \"C:\\Users\\ermak\\PycharmProjects\\Diplom_3\\pages\\base_page.py\", line 42, in find\n    self.wait.until(EC.visibility_of_element_located(locator))\n  File \"C:\\Users\\ermak\\AppData\\Roaming\\Python\\Python312\\site-packages\\selenium\\webdriver\\support\\wait.py\", line 105, in until\n    raise TimeoutException(message, screen, stacktrace)\n"}, "steps": [{"name": "Общий метод для поиска элемента", "status": "broken", "statusDetails": {"message": "selenium.common.exceptions.TimeoutException: Message: \nStacktrace:\nRemoteError@chrome://remote/content/shared/RemoteError.sys.mjs:8:8\nWebDriverError@chrome://remote/content/shared/webdriver/Errors.sys.mjs:193:5\nNoSuchElementError@chrome://remote/content/shared/webdriver/Errors.sys.mjs:511:5\ndom.find/</<@chrome://remote/content/shared/DOM.sys.mjs:136:16\n\n", "trace": "  File \"C:\\Users\\ermak\\AppData\\Roaming\\Python\\Python312\\site-packages\\allure_commons\\_allure.py\", line 192, in impl\n    return func(*a, **kw)\n           ^^^^^^^^^^^^^^\n  File \"C:\\Users\\ermak\\PycharmProjects\\Diplom_3\\pages\\base_page.py\", line 42, in find\n    self.wait.until(EC.visibility_of_element_located(locator))\n  File \"C:\\Users\\ermak\\AppData\\Roaming\\Python\\Python312\\site-packages\\selenium\\webdriver\\support\\wait.py\", line 105, in until\n    raise TimeoutException(message, screen, stacktrace)\n"}, "parameters": [{"name": "locator", "value": "('xpath', \"//p[@class='counter_counter__num__3nue1'][contains(., '2')]\")"}], "start": 1724572472538, "stop": 1724572572970}], "parameters": [{"name": "locator", "value": "('xpath', \"//p[@class='counter_counter__num__3nue1'][contains(., '2')]\")"}], "start": 1724572472538, "stop": 1724572572978}], "start": 1724572472538, "stop": 1724572572978}], "start": 1724572472538, "stop": 1724572572979}], "parameters": [{"name": "browser", "value": "<selenium.webdriver.firefox.webdriver.WebDriver (session=\"ae69dc0b-ea34-4fa1-8ff0-e3fe818d5791\")>"}], "start": 1724572471307, "stop": 1724572572979}], "parameters": [{"name": "browser", "value": "'firefox'"}], "start": 1724572471307, "stop": 1724572572980, "uuid": "0c8d0624-33cf-42dd-961e-362cd976f0aa", "historyId": "1d6b23de298120e07140dfc3208788eb", "testCaseId": "495de07b940873bfd0f1cf3edb204f14", "fullName": "tests.test_constractor.TestToConstructor#test_counter_increments_when_ingredient_added_to_order", "labels": [{"name": "parentSuite", "value": "tests"}, {"name": "suite", "value": "test_constractor"}, {"name": "subSuite", "value": "TestToConstructor"}, {"name": "host", "value": "Ermaksmak-PC"}, {"name": "thread", "value": "19720-MainThread"}, {"name": "framework", "value": "pytest"}, {"name": "language", "value": "cpython3"}, {"name": "package", "value": "tests.test_constractor"}]}